2023/09/04 21:09:04 [32m/home/cdaly/projects/chiclets/database/database.go:45
[0m[33m[0.023ms] [34;1m[rows:-][0m SELECT count(*) FROM sqlite_master WHERE type='table' AND name=?
2023/09/04 21:09:04 [32m/home/cdaly/projects/chiclets/database/database.go:45
[0m[33m[0.046ms] [34;1m[rows:1][0m SELECT sql FROM sqlite_master WHERE type IN ("table","index") AND tbl_name = "conferences" AND sql IS NOT NULL order by type = "table" desc
2023/09/04 21:09:04 [32m/home/cdaly/projects/chiclets/database/database.go:45
[0m[33m[0.024ms] [34;1m[rows:-][0m SELECT * FROM `conferences` LIMIT 1
2023/09/04 21:09:04 [32m/home/cdaly/projects/chiclets/database/database.go:45
[0m[33m[0.013ms] [34;1m[rows:-][0m SELECT count(*) FROM sqlite_master WHERE type='table' AND name=?
2023/09/04 21:09:04 [32m/home/cdaly/projects/chiclets/database/database.go:45
[0m[33m[0.030ms] [34;1m[rows:1][0m SELECT sql FROM sqlite_master WHERE type IN ("table","index") AND tbl_name = "franchises" AND sql IS NOT NULL order by type = "table" desc
2023/09/04 21:09:04 [32m/home/cdaly/projects/chiclets/database/database.go:45
[0m[33m[0.013ms] [34;1m[rows:-][0m SELECT * FROM `franchises` LIMIT 1
2023/09/04 21:09:04 [32m/home/cdaly/projects/chiclets/database/database.go:45
[0m[33m[0.012ms] [34;1m[rows:-][0m SELECT count(*) FROM sqlite_master WHERE type='table' AND name=?
2023/09/04 21:09:04 [32m/home/cdaly/projects/chiclets/database/database.go:45
[0m[33m[0.028ms] [34;1m[rows:1][0m SELECT sql FROM sqlite_master WHERE type IN ("table","index") AND tbl_name = "divisions" AND sql IS NOT NULL order by type = "table" desc
2023/09/04 21:09:04 [32m/home/cdaly/projects/chiclets/database/database.go:45
[0m[33m[0.012ms] [34;1m[rows:-][0m SELECT * FROM `divisions` LIMIT 1
2023/09/04 21:09:04 [32m/home/cdaly/projects/chiclets/database/database.go:45
[0m[33m[0.011ms] [34;1m[rows:-][0m SELECT count(*) FROM sqlite_master WHERE type='table' AND name=?
2023/09/04 21:09:04 [32m/home/cdaly/projects/chiclets/database/database.go:45
[0m[33m[0.028ms] [34;1m[rows:1][0m SELECT sql FROM sqlite_master WHERE type IN ("table","index") AND tbl_name = "time_zones" AND sql IS NOT NULL order by type = "table" desc
2023/09/04 21:09:04 [32m/home/cdaly/projects/chiclets/database/database.go:45
[0m[33m[0.011ms] [34;1m[rows:-][0m SELECT * FROM `time_zones` LIMIT 1
2023/09/04 21:09:04 [32m/home/cdaly/projects/chiclets/database/database.go:45
[0m[33m[0.011ms] [34;1m[rows:-][0m SELECT count(*) FROM sqlite_master WHERE type='table' AND name=?
2023/09/04 21:09:04 [32m/home/cdaly/projects/chiclets/database/database.go:45
[0m[33m[0.028ms] [34;1m[rows:1][0m SELECT sql FROM sqlite_master WHERE type IN ("table","index") AND tbl_name = "venues" AND sql IS NOT NULL order by type = "table" desc
2023/09/04 21:09:04 [32m/home/cdaly/projects/chiclets/database/database.go:45
[0m[33m[0.011ms] [34;1m[rows:-][0m SELECT * FROM `venues` LIMIT 1
2023/09/04 21:09:04 [32m/home/cdaly/projects/chiclets/database/database.go:45
[0m[33m[0.019ms] [34;1m[rows:-][0m SELECT count(*) FROM sqlite_master WHERE type = ? AND tbl_name = ? AND (sql LIKE ? OR sql LIKE ? OR sql LIKE ? OR sql LIKE ? OR sql LIKE ?)
2023/09/04 21:09:04 [32m/home/cdaly/projects/chiclets/database/database.go:45
[0m[33m[0.009ms] [34;1m[rows:-][0m SELECT count(*) FROM sqlite_master WHERE type='table' AND name=?
2023/09/04 21:09:04 [32m/home/cdaly/projects/chiclets/database/database.go:45
[0m[33m[0.028ms] [34;1m[rows:1][0m SELECT sql FROM sqlite_master WHERE type IN ("table","index") AND tbl_name = "teams" AND sql IS NOT NULL order by type = "table" desc
2023/09/04 21:09:04 [32m/home/cdaly/projects/chiclets/database/database.go:45
[0m[33m[0.014ms] [34;1m[rows:-][0m SELECT * FROM `teams` LIMIT 1
2023/09/04 21:09:04 [32m/home/cdaly/projects/chiclets/database/database.go:45
[0m[33m[0.017ms] [34;1m[rows:-][0m SELECT count(*) FROM sqlite_master WHERE type = ? AND tbl_name = ? AND (sql LIKE ? OR sql LIKE ? OR sql LIKE ? OR sql LIKE ? OR sql LIKE ?)
2023/09/04 21:09:04 [32m/home/cdaly/projects/chiclets/database/database.go:45
[0m[33m[0.012ms] [34;1m[rows:-][0m SELECT count(*) FROM sqlite_master WHERE type = ? AND tbl_name = ? AND (sql LIKE ? OR sql LIKE ? OR sql LIKE ? OR sql LIKE ? OR sql LIKE ?)
2023/09/04 21:09:04 [32m/home/cdaly/projects/chiclets/database/database.go:45
[0m[33m[0.012ms] [34;1m[rows:-][0m SELECT count(*) FROM sqlite_master WHERE type = ? AND tbl_name = ? AND (sql LIKE ? OR sql LIKE ? OR sql LIKE ? OR sql LIKE ? OR sql LIKE ?)
2023/09/04 21:09:04 [32m/home/cdaly/projects/chiclets/database/database.go:45
[0m[33m[0.012ms] [34;1m[rows:-][0m SELECT count(*) FROM sqlite_master WHERE type = ? AND tbl_name = ? AND (sql LIKE ? OR sql LIKE ? OR sql LIKE ? OR sql LIKE ? OR sql LIKE ?)
2023/09/04 21:09:04 [32m/home/cdaly/projects/chiclets/database/database.go:50
[0m[33m[0.196ms] [34;1m[rows:4][0m INSERT INTO `divisions` (`name`,`name_short`,`link`,`abbreviation`,`id`) VALUES (?,?,?,?,?),(?,?,?,?,?),(?,?,?,?,?),(?,?,?,?,?) ON CONFLICT DO NOTHING RETURNING `id`
2023/09/04 21:09:04 [32m/home/cdaly/projects/chiclets/database/database.go:50
[0m[33m[0.113ms] [34;1m[rows:11][0m INSERT INTO `time_zones` (`id`,`offset`,`tz`) VALUES (?,?,?),(?,?,?),(?,?,?),(?,?,?),(?,?,?),(?,?,?),(?,?,?),(?,?,?),(?,?,?),(?,?,?),(?,?,?) ON CONFLICT DO NOTHING
